<?xml version="1.0" encoding="UTF-8"?>
<!-- Generated by org.testng.reporters.JUnitReportReporter -->
<testsuite skipped="0" hostname="PRTM-nyijiati" name="jqueryTest.Interaction" tests="1" failures="0" timestamp="06 Nov 2019 01:44:27 GMT" time="9.958" errors="0">
  <testcase name="resizable" time="9.958" classname="jqueryTest.Interaction"/>
</testsuite> <!-- jqueryTest.Interaction -->
