<?xml version="1.0" encoding="UTF-8"?>
<!-- Generated by org.testng.reporters.JUnitReportReporter -->
<testsuite skipped="0" hostname="PRTM-nyijiati" name="jqueryTest.Interaction" tests="1" failures="0" timestamp="26 Oct 2019 15:11:03 GMT" time="10.220" errors="0">
  <testcase name="draggableTest" time="10.220" classname="jqueryTest.Interaction"/>
</testsuite> <!-- jqueryTest.Interaction -->
