<?xml version="1.0" encoding="UTF-8"?>
<!-- Generated by org.testng.reporters.JUnitReportReporter -->
<testsuite skipped="0" hostname="PRTM-nyijiati" name="jqueryTest.Interaction" tests="1" failures="0" timestamp="26 Oct 2019 20:06:29 GMT" time="11.772" errors="0">
  <testcase name="droppableTest" time="11.772" classname="jqueryTest.Interaction"/>
</testsuite> <!-- jqueryTest.Interaction -->
