<?xml version="1.0" encoding="UTF-8"?>
<!-- Generated by org.testng.reporters.JUnitReportReporter -->
<testsuite skipped="0" hostname="PRTM-nyijiati" name="jqueryTest.Interaction" tests="1" failures="0" timestamp="08 Nov 2019 01:49:03 GMT" time="18.578" errors="0">
  <testcase name="selectable" time="18.578" classname="jqueryTest.Interaction"/>
</testsuite> <!-- jqueryTest.Interaction -->
